SET
CREATE TABLE
INSERT 0 1000000
VACUUM
            substr             | octet_length | pg_column_size | pg_column_size 
-------------------------------+--------------+----------------+----------------
 {"NP4Q6JqrSqgMSCJETdVhnF7JXQx |         2004 |           2008 |           2032
(1 行)

                                                               QUERY PLAN                                                               
----------------------------------------------------------------------------------------------------------------------------------------
 Seq Scan on json_inline_uncompressed  (cost=0.00..260000.00 rows=1000000 width=2008) (actual time=0.006..715.014 rows=1000000 loops=1)
 Planning Time: 0.026 ms
 Execution Time: 758.489 ms
(3 行)

                                                                  QUERY PLAN                                                                  
----------------------------------------------------------------------------------------------------------------------------------------------
 Aggregate  (cost=262500.00..262500.01 rows=1 width=8) (actual time=790.366..790.367 rows=1 loops=1)
   ->  Seq Scan on json_inline_uncompressed  (cost=0.00..260000.00 rows=1000000 width=2008) (actual time=0.006..694.031 rows=1000000 loops=1)
 Planning Time: 0.077 ms
 JIT:
   Functions: 3
   Options: Inlining false, Optimization false, Expressions true, Deforming true
   Timing: Generation 0.197 ms, Inlining 0.000 ms, Optimization 0.162 ms, Emission 3.113 ms, Total 3.471 ms
 Execution Time: 811.149 ms
(8 行)

                                                                  QUERY PLAN                                                                  
----------------------------------------------------------------------------------------------------------------------------------------------
 Aggregate  (cost=265000.00..265000.01 rows=1 width=8) (actual time=2831.189..2831.190 rows=1 loops=1)
   ->  Seq Scan on json_inline_uncompressed  (cost=0.00..260000.00 rows=1000000 width=2008) (actual time=0.007..679.882 rows=1000000 loops=1)
 Planning Time: 0.065 ms
 JIT:
   Functions: 3
   Options: Inlining false, Optimization false, Expressions true, Deforming true
   Timing: Generation 0.226 ms, Inlining 0.000 ms, Optimization 0.143 ms, Emission 2.387 ms, Total 2.757 ms
 Execution Time: 2831.473 ms
(8 行)

                                                                  QUERY PLAN                                                                  
----------------------------------------------------------------------------------------------------------------------------------------------
 Aggregate  (cost=265000.00..265000.01 rows=1 width=8) (actual time=2786.204..2786.205 rows=1 loops=1)
   ->  Seq Scan on json_inline_uncompressed  (cost=0.00..260000.00 rows=1000000 width=2008) (actual time=0.006..674.247 rows=1000000 loops=1)
 Planning Time: 0.043 ms
 JIT:
   Functions: 3
   Options: Inlining false, Optimization false, Expressions true, Deforming true
   Timing: Generation 0.272 ms, Inlining 0.000 ms, Optimization 0.141 ms, Emission 2.280 ms, Total 2.694 ms
 Execution Time: 2786.532 ms
(8 行)

                                                                  QUERY PLAN                                                                  
----------------------------------------------------------------------------------------------------------------------------------------------
 Aggregate  (cost=265000.00..265000.01 rows=1 width=8) (actual time=2821.957..2821.958 rows=1 loops=1)
   ->  Seq Scan on json_inline_uncompressed  (cost=0.00..260000.00 rows=1000000 width=2008) (actual time=0.017..677.340 rows=1000000 loops=1)
 Planning Time: 0.043 ms
 JIT:
   Functions: 3
   Options: Inlining false, Optimization false, Expressions true, Deforming true
   Timing: Generation 0.245 ms, Inlining 0.000 ms, Optimization 0.162 ms, Emission 2.416 ms, Total 2.823 ms
 Execution Time: 2822.263 ms
(8 行)

                                                                  QUERY PLAN                                                                  
----------------------------------------------------------------------------------------------------------------------------------------------
 Aggregate  (cost=265000.00..265000.01 rows=1 width=8) (actual time=2704.410..2704.411 rows=1 loops=1)
   ->  Seq Scan on json_inline_uncompressed  (cost=0.00..260000.00 rows=1000000 width=2008) (actual time=0.434..685.930 rows=1000000 loops=1)
 Planning Time: 0.041 ms
 JIT:
   Functions: 3
   Options: Inlining false, Optimization false, Expressions true, Deforming true
   Timing: Generation 0.240 ms, Inlining 0.000 ms, Optimization 0.146 ms, Emission 2.345 ms, Total 2.731 ms
 Execution Time: 2704.708 ms
(8 行)

                                                                  QUERY PLAN                                                                  
----------------------------------------------------------------------------------------------------------------------------------------------
 Aggregate  (cost=265000.00..265000.01 rows=1 width=8) (actual time=2655.379..2655.380 rows=1 loops=1)
   ->  Seq Scan on json_inline_uncompressed  (cost=0.00..260000.00 rows=1000000 width=2008) (actual time=0.015..668.112 rows=1000000 loops=1)
 Planning Time: 0.044 ms
 JIT:
   Functions: 3
   Options: Inlining false, Optimization false, Expressions true, Deforming true
   Timing: Generation 0.243 ms, Inlining 0.000 ms, Optimization 0.140 ms, Emission 2.325 ms, Total 2.708 ms
 Execution Time: 2655.680 ms
(8 行)

                                                                  QUERY PLAN                                                                  
----------------------------------------------------------------------------------------------------------------------------------------------
 Aggregate  (cost=265000.00..265000.01 rows=1 width=8) (actual time=2685.869..2685.870 rows=1 loops=1)
   ->  Seq Scan on json_inline_uncompressed  (cost=0.00..260000.00 rows=1000000 width=2008) (actual time=0.027..682.178 rows=1000000 loops=1)
 Planning Time: 0.042 ms
 JIT:
   Functions: 3
   Options: Inlining false, Optimization false, Expressions true, Deforming true
   Timing: Generation 0.234 ms, Inlining 0.000 ms, Optimization 0.141 ms, Emission 2.333 ms, Total 2.709 ms
 Execution Time: 2686.160 ms
(8 行)

                                                                  QUERY PLAN                                                                  
----------------------------------------------------------------------------------------------------------------------------------------------
 Aggregate  (cost=265000.00..265000.01 rows=1 width=8) (actual time=2631.229..2631.230 rows=1 loops=1)
   ->  Seq Scan on json_inline_uncompressed  (cost=0.00..260000.00 rows=1000000 width=2008) (actual time=0.016..670.188 rows=1000000 loops=1)
 Planning Time: 0.043 ms
 JIT:
   Functions: 3
   Options: Inlining false, Optimization false, Expressions true, Deforming true
   Timing: Generation 0.234 ms, Inlining 0.000 ms, Optimization 0.140 ms, Emission 2.288 ms, Total 2.663 ms
 Execution Time: 2631.520 ms
(8 行)

                                                                  QUERY PLAN                                                                  
----------------------------------------------------------------------------------------------------------------------------------------------
 Aggregate  (cost=265000.00..265000.01 rows=1 width=8) (actual time=2631.299..2631.300 rows=1 loops=1)
   ->  Seq Scan on json_inline_uncompressed  (cost=0.00..260000.00 rows=1000000 width=2008) (actual time=0.015..670.107 rows=1000000 loops=1)
 Planning Time: 0.042 ms
 JIT:
   Functions: 3
   Options: Inlining false, Optimization false, Expressions true, Deforming true
   Timing: Generation 0.235 ms, Inlining 0.000 ms, Optimization 0.144 ms, Emission 2.293 ms, Total 2.671 ms
 Execution Time: 2631.594 ms
(8 行)

                                                                  QUERY PLAN                                                                  
----------------------------------------------------------------------------------------------------------------------------------------------
 Aggregate  (cost=265000.00..265000.01 rows=1 width=8) (actual time=2628.813..2628.814 rows=1 loops=1)
   ->  Seq Scan on json_inline_uncompressed  (cost=0.00..260000.00 rows=1000000 width=2008) (actual time=0.016..670.667 rows=1000000 loops=1)
 Planning Time: 0.044 ms
 JIT:
   Functions: 3
   Options: Inlining false, Optimization false, Expressions true, Deforming true
   Timing: Generation 0.243 ms, Inlining 0.000 ms, Optimization 0.141 ms, Emission 2.293 ms, Total 2.677 ms
 Execution Time: 2629.112 ms
(8 行)

CREATE TABLE
INSERT 0 1000000
            substr             | octet_length | pg_column_size | pg_column_size 
-------------------------------+--------------+----------------+----------------
 {"k0k0k0k0k0k0k0k0k0k0k0k0k0k |         2005 |            144 |            168
(1 行)

VACUUM
                                                               QUERY PLAN                                                                
-----------------------------------------------------------------------------------------------------------------------------------------
 Aggregate  (cost=36277.00..36277.01 rows=1 width=8) (actual time=3134.689..3134.690 rows=1 loops=1)
   ->  Seq Scan on json_inline_compressed  (cost=0.00..31277.00 rows=1000000 width=144) (actual time=0.005..88.915 rows=1000000 loops=1)
 Planning Time: 0.073 ms
 Execution Time: 3134.716 ms
(4 行)

                                                               QUERY PLAN                                                                
-----------------------------------------------------------------------------------------------------------------------------------------
 Aggregate  (cost=36277.00..36277.01 rows=1 width=8) (actual time=3118.952..3118.953 rows=1 loops=1)
   ->  Seq Scan on json_inline_compressed  (cost=0.00..31277.00 rows=1000000 width=144) (actual time=0.007..88.341 rows=1000000 loops=1)
 Planning Time: 0.051 ms
 Execution Time: 3118.974 ms
(4 行)

                                                               QUERY PLAN                                                                
-----------------------------------------------------------------------------------------------------------------------------------------
 Aggregate  (cost=36277.00..36277.01 rows=1 width=8) (actual time=3118.103..3118.104 rows=1 loops=1)
   ->  Seq Scan on json_inline_compressed  (cost=0.00..31277.00 rows=1000000 width=144) (actual time=0.007..88.339 rows=1000000 loops=1)
 Planning Time: 0.051 ms
 Execution Time: 3118.128 ms
(4 行)

                                                               QUERY PLAN                                                                
-----------------------------------------------------------------------------------------------------------------------------------------
 Aggregate  (cost=36277.00..36277.01 rows=1 width=8) (actual time=3145.258..3145.259 rows=1 loops=1)
   ->  Seq Scan on json_inline_compressed  (cost=0.00..31277.00 rows=1000000 width=144) (actual time=0.008..89.510 rows=1000000 loops=1)
 Planning Time: 0.052 ms
 Execution Time: 3145.281 ms
(4 行)

                                                               QUERY PLAN                                                                
-----------------------------------------------------------------------------------------------------------------------------------------
 Aggregate  (cost=36277.00..36277.01 rows=1 width=8) (actual time=3151.750..3151.751 rows=1 loops=1)
   ->  Seq Scan on json_inline_compressed  (cost=0.00..31277.00 rows=1000000 width=144) (actual time=0.007..89.007 rows=1000000 loops=1)
 Planning Time: 0.052 ms
 Execution Time: 3151.772 ms
(4 行)

                                                               QUERY PLAN                                                                
-----------------------------------------------------------------------------------------------------------------------------------------
 Aggregate  (cost=36277.00..36277.01 rows=1 width=8) (actual time=3146.039..3146.040 rows=1 loops=1)
   ->  Seq Scan on json_inline_compressed  (cost=0.00..31277.00 rows=1000000 width=144) (actual time=0.005..89.345 rows=1000000 loops=1)
 Planning Time: 0.050 ms
 Execution Time: 3146.063 ms
(4 行)

                                                               QUERY PLAN                                                                
-----------------------------------------------------------------------------------------------------------------------------------------
 Aggregate  (cost=36277.00..36277.01 rows=1 width=8) (actual time=3123.106..3123.107 rows=1 loops=1)
   ->  Seq Scan on json_inline_compressed  (cost=0.00..31277.00 rows=1000000 width=144) (actual time=0.008..89.231 rows=1000000 loops=1)
 Planning Time: 0.052 ms
 Execution Time: 3123.128 ms
(4 行)

                                                               QUERY PLAN                                                                
-----------------------------------------------------------------------------------------------------------------------------------------
 Aggregate  (cost=36277.00..36277.01 rows=1 width=8) (actual time=3115.278..3115.279 rows=1 loops=1)
   ->  Seq Scan on json_inline_compressed  (cost=0.00..31277.00 rows=1000000 width=144) (actual time=0.008..88.613 rows=1000000 loops=1)
 Planning Time: 0.048 ms
 Execution Time: 3115.307 ms
(4 行)

                                                               QUERY PLAN                                                                
-----------------------------------------------------------------------------------------------------------------------------------------
 Aggregate  (cost=36277.00..36277.01 rows=1 width=8) (actual time=3125.733..3125.734 rows=1 loops=1)
   ->  Seq Scan on json_inline_compressed  (cost=0.00..31277.00 rows=1000000 width=144) (actual time=0.007..89.202 rows=1000000 loops=1)
 Planning Time: 0.047 ms
 Execution Time: 3125.759 ms
(4 行)

CREATE TABLE
INSERT 0 1000000
            substr             | octet_length | pg_column_size | pg_column_size 
-------------------------------+--------------+----------------+----------------
 {"NP4Q6JqrSqgMSCJETdVhnF7JXQx |         2005 |           2005 |           2033
(1 行)

VACUUM
                                                                QUERY PLAN                                                                
------------------------------------------------------------------------------------------------------------------------------------------
 Aggregate  (cost=21370.00..21370.01 rows=1 width=8) (actual time=7604.672..7604.674 rows=1 loops=1)
   ->  Seq Scan on json_toast_uncompressed  (cost=0.00..16370.00 rows=1000000 width=18) (actual time=0.014..125.293 rows=1000000 loops=1)
 Planning Time: 0.162 ms
 Execution Time: 7604.711 ms
(4 行)

                                                                QUERY PLAN                                                                
------------------------------------------------------------------------------------------------------------------------------------------
 Aggregate  (cost=21370.00..21370.01 rows=1 width=8) (actual time=6961.971..6961.972 rows=1 loops=1)
   ->  Seq Scan on json_toast_uncompressed  (cost=0.00..16370.00 rows=1000000 width=18) (actual time=0.011..119.378 rows=1000000 loops=1)
 Planning Time: 0.044 ms
 Execution Time: 6961.990 ms
(4 行)

                                                                QUERY PLAN                                                                
------------------------------------------------------------------------------------------------------------------------------------------
 Aggregate  (cost=21370.00..21370.01 rows=1 width=8) (actual time=6875.747..6875.748 rows=1 loops=1)
   ->  Seq Scan on json_toast_uncompressed  (cost=0.00..16370.00 rows=1000000 width=18) (actual time=0.014..118.479 rows=1000000 loops=1)
 Planning Time: 0.050 ms
 Execution Time: 6875.774 ms
(4 行)

                                                                QUERY PLAN                                                                
------------------------------------------------------------------------------------------------------------------------------------------
 Aggregate  (cost=21370.00..21370.01 rows=1 width=8) (actual time=6902.864..6902.865 rows=1 loops=1)
   ->  Seq Scan on json_toast_uncompressed  (cost=0.00..16370.00 rows=1000000 width=18) (actual time=0.015..118.287 rows=1000000 loops=1)
 Planning Time: 0.053 ms
 Execution Time: 6902.890 ms
(4 行)

                                                                QUERY PLAN                                                                
------------------------------------------------------------------------------------------------------------------------------------------
 Aggregate  (cost=21370.00..21370.01 rows=1 width=8) (actual time=6878.659..6878.660 rows=1 loops=1)
   ->  Seq Scan on json_toast_uncompressed  (cost=0.00..16370.00 rows=1000000 width=18) (actual time=0.014..118.627 rows=1000000 loops=1)
 Planning Time: 0.053 ms
 Execution Time: 6878.682 ms
(4 行)

                                                                QUERY PLAN                                                                
------------------------------------------------------------------------------------------------------------------------------------------
 Aggregate  (cost=21370.00..21370.01 rows=1 width=8) (actual time=6872.572..6872.573 rows=1 loops=1)
   ->  Seq Scan on json_toast_uncompressed  (cost=0.00..16370.00 rows=1000000 width=18) (actual time=0.012..117.390 rows=1000000 loops=1)
 Planning Time: 0.051 ms
 Execution Time: 6872.598 ms
(4 行)

                                                                QUERY PLAN                                                                
------------------------------------------------------------------------------------------------------------------------------------------
 Aggregate  (cost=21370.00..21370.01 rows=1 width=8) (actual time=6815.773..6815.774 rows=1 loops=1)
   ->  Seq Scan on json_toast_uncompressed  (cost=0.00..16370.00 rows=1000000 width=18) (actual time=0.015..116.398 rows=1000000 loops=1)
 Planning Time: 0.049 ms
 Execution Time: 6815.799 ms
(4 行)

                                                                QUERY PLAN                                                                
------------------------------------------------------------------------------------------------------------------------------------------
 Aggregate  (cost=21370.00..21370.01 rows=1 width=8) (actual time=6820.487..6820.488 rows=1 loops=1)
   ->  Seq Scan on json_toast_uncompressed  (cost=0.00..16370.00 rows=1000000 width=18) (actual time=0.012..117.334 rows=1000000 loops=1)
 Planning Time: 0.051 ms
 Execution Time: 6820.511 ms
(4 行)

                                                                QUERY PLAN                                                                
------------------------------------------------------------------------------------------------------------------------------------------
 Aggregate  (cost=21370.00..21370.01 rows=1 width=8) (actual time=6794.310..6794.311 rows=1 loops=1)
   ->  Seq Scan on json_toast_uncompressed  (cost=0.00..16370.00 rows=1000000 width=18) (actual time=0.014..117.186 rows=1000000 loops=1)
 Planning Time: 0.049 ms
 Execution Time: 6794.335 ms
(4 行)

CREATE TABLE
INSERT 0 1000000
            substr             | octet_length | pg_column_size | pg_column_size 
-------------------------------+--------------+----------------+----------------
 {"k0k0k0k0k0k0k0k0k0k0k0k0k0k |         2893 |           2005 |           2033
(1 行)

VACUUM
                                                               QUERY PLAN                                                               
----------------------------------------------------------------------------------------------------------------------------------------
 Aggregate  (cost=21370.00..21370.01 rows=1 width=8) (actual time=13210.255..13210.256 rows=1 loops=1)
   ->  Seq Scan on json_toast_compressed  (cost=0.00..16370.00 rows=1000000 width=18) (actual time=0.005..143.572 rows=1000000 loops=1)
 Planning Time: 0.067 ms
 Execution Time: 13210.277 ms
(4 行)

                                                               QUERY PLAN                                                               
----------------------------------------------------------------------------------------------------------------------------------------
 Aggregate  (cost=21370.00..21370.01 rows=1 width=8) (actual time=12744.523..12744.524 rows=1 loops=1)
   ->  Seq Scan on json_toast_compressed  (cost=0.00..16370.00 rows=1000000 width=18) (actual time=0.396..150.753 rows=1000000 loops=1)
 Planning Time: 0.048 ms
 Execution Time: 12744.550 ms
(4 行)

                                                               QUERY PLAN                                                               
----------------------------------------------------------------------------------------------------------------------------------------
 Aggregate  (cost=21370.00..21370.01 rows=1 width=8) (actual time=15917.028..15917.029 rows=1 loops=1)
   ->  Seq Scan on json_toast_compressed  (cost=0.00..16370.00 rows=1000000 width=18) (actual time=0.388..161.324 rows=1000000 loops=1)
 Planning Time: 0.044 ms
 Execution Time: 15917.052 ms
(4 行)

                                                               QUERY PLAN                                                               
----------------------------------------------------------------------------------------------------------------------------------------
 Aggregate  (cost=21370.00..21370.01 rows=1 width=8) (actual time=12903.056..12903.057 rows=1 loops=1)
   ->  Seq Scan on json_toast_compressed  (cost=0.00..16370.00 rows=1000000 width=18) (actual time=0.408..153.485 rows=1000000 loops=1)
 Planning Time: 0.049 ms
 Execution Time: 12903.081 ms
(4 行)

                                                               QUERY PLAN                                                               
----------------------------------------------------------------------------------------------------------------------------------------
 Aggregate  (cost=21370.00..21370.01 rows=1 width=8) (actual time=12795.800..12795.801 rows=1 loops=1)
   ->  Seq Scan on json_toast_compressed  (cost=0.00..16370.00 rows=1000000 width=18) (actual time=0.393..154.595 rows=1000000 loops=1)
 Planning Time: 0.041 ms
 Execution Time: 12795.820 ms
(4 行)

                                                               QUERY PLAN                                                               
----------------------------------------------------------------------------------------------------------------------------------------
 Aggregate  (cost=21370.00..21370.01 rows=1 width=8) (actual time=12700.334..12700.335 rows=1 loops=1)
   ->  Seq Scan on json_toast_compressed  (cost=0.00..16370.00 rows=1000000 width=18) (actual time=0.402..154.566 rows=1000000 loops=1)
 Planning Time: 0.050 ms
 Execution Time: 12700.359 ms
(4 行)

                                                               QUERY PLAN                                                               
----------------------------------------------------------------------------------------------------------------------------------------
 Aggregate  (cost=21370.00..21370.01 rows=1 width=8) (actual time=12683.929..12683.930 rows=1 loops=1)
   ->  Seq Scan on json_toast_compressed  (cost=0.00..16370.00 rows=1000000 width=18) (actual time=0.419..154.103 rows=1000000 loops=1)
 Planning Time: 0.041 ms
 Execution Time: 12683.949 ms
(4 行)

                                                               QUERY PLAN                                                               
----------------------------------------------------------------------------------------------------------------------------------------
 Aggregate  (cost=21370.00..21370.01 rows=1 width=8) (actual time=12680.016..12680.017 rows=1 loops=1)
   ->  Seq Scan on json_toast_compressed  (cost=0.00..16370.00 rows=1000000 width=18) (actual time=0.399..153.190 rows=1000000 loops=1)
 Planning Time: 0.039 ms
 Execution Time: 12680.035 ms
(4 行)

                                                               QUERY PLAN                                                               
----------------------------------------------------------------------------------------------------------------------------------------
 Aggregate  (cost=21370.00..21370.01 rows=1 width=8) (actual time=12759.436..12759.437 rows=1 loops=1)
   ->  Seq Scan on json_toast_compressed  (cost=0.00..16370.00 rows=1000000 width=18) (actual time=0.399..153.730 rows=1000000 loops=1)
 Planning Time: 0.052 ms
 Execution Time: 12759.457 ms
(4 行)

   oid    |         relname          | reltoastrelid | relpages | reltuples | toast_pages | toast_tuples | total_relation_size | total_relation_size_pretty 
----------+--------------------------+---------------+----------+-----------+-------------+--------------+---------------------+----------------------------
 20125974 | json_inline_compressed   |      20125977 |    21277 |     1e+06 |           0 |            0 |           174383104 | 166 MB
 20125969 | json_inline_uncompressed |      20125972 |   250000 |     1e+06 |           0 |            0 |          2048598016 | 1954 MB
 21125984 | json_toast_compressed    |      21125987 |     6370 |     1e+06 |      333334 |        2e+06 |          2828615680 | 2698 MB
 20125979 | json_toast_uncompressed  |      20125982 |     6370 |     1e+06 |      333334 |        2e+06 |          2828615680 | 2698 MB
(4 行)

