SET
CREATE TABLE
INSERT 0 1000000
VACUUM
            substr             | octet_length | pg_column_size | pg_column_size 
-------------------------------+--------------+----------------+----------------
 {"0jnOfY08PgEEBYaDFxmuTfV1YGm |         2000 |           2008 |           2032
(1 行)

                                                                  QUERY PLAN                                                                   
-----------------------------------------------------------------------------------------------------------------------------------------------
 Aggregate  (cost=265000.00..265000.01 rows=1 width=8) (actual time=1133.585..1133.586 rows=1 loops=1)
   ->  Seq Scan on jsonb_inline_uncompressed  (cost=0.00..260000.00 rows=1000000 width=2008) (actual time=0.012..707.976 rows=1000000 loops=1)
 Planning Time: 0.070 ms
 JIT:
   Functions: 3
   Options: Inlining false, Optimization false, Expressions true, Deforming true
   Timing: Generation 0.393 ms, Inlining 0.000 ms, Optimization 0.343 ms, Emission 6.053 ms, Total 6.790 ms
 Execution Time: 1212.820 ms
(8 行)

                                                                  QUERY PLAN                                                                   
-----------------------------------------------------------------------------------------------------------------------------------------------
 Aggregate  (cost=265000.00..265000.01 rows=1 width=8) (actual time=1079.738..1079.739 rows=1 loops=1)
   ->  Seq Scan on jsonb_inline_uncompressed  (cost=0.00..260000.00 rows=1000000 width=2008) (actual time=0.007..692.119 rows=1000000 loops=1)
 Planning Time: 0.045 ms
 JIT:
   Functions: 3
   Options: Inlining false, Optimization false, Expressions true, Deforming true
   Timing: Generation 0.269 ms, Inlining 0.000 ms, Optimization 0.157 ms, Emission 2.421 ms, Total 2.847 ms
 Execution Time: 1080.066 ms
(8 行)

                                                                  QUERY PLAN                                                                   
-----------------------------------------------------------------------------------------------------------------------------------------------
 Aggregate  (cost=265000.00..265000.01 rows=1 width=8) (actual time=1069.537..1069.538 rows=1 loops=1)
   ->  Seq Scan on jsonb_inline_uncompressed  (cost=0.00..260000.00 rows=1000000 width=2008) (actual time=0.009..683.697 rows=1000000 loops=1)
 Planning Time: 0.050 ms
 JIT:
   Functions: 3
   Options: Inlining false, Optimization false, Expressions true, Deforming true
   Timing: Generation 0.333 ms, Inlining 0.000 ms, Optimization 0.171 ms, Emission 2.452 ms, Total 2.955 ms
 Execution Time: 1069.930 ms
(8 行)

                                                                  QUERY PLAN                                                                   
-----------------------------------------------------------------------------------------------------------------------------------------------
 Aggregate  (cost=265000.00..265000.01 rows=1 width=8) (actual time=916.129..916.130 rows=1 loops=1)
   ->  Seq Scan on jsonb_inline_uncompressed  (cost=0.00..260000.00 rows=1000000 width=2008) (actual time=0.006..672.166 rows=1000000 loops=1)
 Planning Time: 0.045 ms
 JIT:
   Functions: 3
   Options: Inlining false, Optimization false, Expressions true, Deforming true
   Timing: Generation 0.248 ms, Inlining 0.000 ms, Optimization 0.153 ms, Emission 2.468 ms, Total 2.868 ms
 Execution Time: 916.437 ms
(8 行)

                                                                  QUERY PLAN                                                                   
-----------------------------------------------------------------------------------------------------------------------------------------------
 Aggregate  (cost=265000.00..265000.01 rows=1 width=8) (actual time=917.487..917.488 rows=1 loops=1)
   ->  Seq Scan on jsonb_inline_uncompressed  (cost=0.00..260000.00 rows=1000000 width=2008) (actual time=0.007..674.116 rows=1000000 loops=1)
 Planning Time: 0.055 ms
 JIT:
   Functions: 3
   Options: Inlining false, Optimization false, Expressions true, Deforming true
   Timing: Generation 0.272 ms, Inlining 0.000 ms, Optimization 0.163 ms, Emission 2.440 ms, Total 2.876 ms
 Execution Time: 917.820 ms
(8 行)

                                                                  QUERY PLAN                                                                   
-----------------------------------------------------------------------------------------------------------------------------------------------
 Aggregate  (cost=265000.00..265000.01 rows=1 width=8) (actual time=916.993..916.994 rows=1 loops=1)
   ->  Seq Scan on jsonb_inline_uncompressed  (cost=0.00..260000.00 rows=1000000 width=2008) (actual time=0.007..673.883 rows=1000000 loops=1)
 Planning Time: 0.045 ms
 JIT:
   Functions: 3
   Options: Inlining false, Optimization false, Expressions true, Deforming true
   Timing: Generation 0.257 ms, Inlining 0.000 ms, Optimization 0.155 ms, Emission 2.418 ms, Total 2.830 ms
 Execution Time: 917.310 ms
(8 行)

                                                                  QUERY PLAN                                                                   
-----------------------------------------------------------------------------------------------------------------------------------------------
 Aggregate  (cost=265000.00..265000.01 rows=1 width=8) (actual time=1027.931..1027.932 rows=1 loops=1)
   ->  Seq Scan on jsonb_inline_uncompressed  (cost=0.00..260000.00 rows=1000000 width=2008) (actual time=0.007..682.295 rows=1000000 loops=1)
 Planning Time: 0.045 ms
 JIT:
   Functions: 3
   Options: Inlining false, Optimization false, Expressions true, Deforming true
   Timing: Generation 0.268 ms, Inlining 0.000 ms, Optimization 0.170 ms, Emission 2.418 ms, Total 2.855 ms
 Execution Time: 1028.255 ms
(8 行)

                                                                  QUERY PLAN                                                                   
-----------------------------------------------------------------------------------------------------------------------------------------------
 Aggregate  (cost=265000.00..265000.01 rows=1 width=8) (actual time=1026.286..1026.287 rows=1 loops=1)
   ->  Seq Scan on jsonb_inline_uncompressed  (cost=0.00..260000.00 rows=1000000 width=2008) (actual time=0.009..678.535 rows=1000000 loops=1)
 Planning Time: 0.040 ms
 JIT:
   Functions: 3
   Options: Inlining false, Optimization false, Expressions true, Deforming true
   Timing: Generation 0.315 ms, Inlining 0.000 ms, Optimization 0.178 ms, Emission 2.426 ms, Total 2.919 ms
 Execution Time: 1026.659 ms
(8 行)

                                                                  QUERY PLAN                                                                   
-----------------------------------------------------------------------------------------------------------------------------------------------
 Aggregate  (cost=265000.00..265000.01 rows=1 width=8) (actual time=1023.190..1023.191 rows=1 loops=1)
   ->  Seq Scan on jsonb_inline_uncompressed  (cost=0.00..260000.00 rows=1000000 width=2008) (actual time=0.008..677.966 rows=1000000 loops=1)
 Planning Time: 0.053 ms
 JIT:
   Functions: 3
   Options: Inlining false, Optimization false, Expressions true, Deforming true
   Timing: Generation 0.276 ms, Inlining 0.000 ms, Optimization 0.159 ms, Emission 2.437 ms, Total 2.872 ms
 Execution Time: 1023.529 ms
(8 行)

                                                                  QUERY PLAN                                                                   
-----------------------------------------------------------------------------------------------------------------------------------------------
 Aggregate  (cost=265000.00..265000.01 rows=1 width=8) (actual time=848.043..848.044 rows=1 loops=1)
   ->  Seq Scan on jsonb_inline_uncompressed  (cost=0.00..260000.00 rows=1000000 width=2008) (actual time=0.008..679.192 rows=1000000 loops=1)
 Planning Time: 0.054 ms
 JIT:
   Functions: 3
   Options: Inlining false, Optimization false, Expressions true, Deforming true
   Timing: Generation 0.269 ms, Inlining 0.000 ms, Optimization 0.157 ms, Emission 2.299 ms, Total 2.725 ms
 Execution Time: 848.375 ms
(8 行)

                                                                  QUERY PLAN                                                                   
-----------------------------------------------------------------------------------------------------------------------------------------------
 Aggregate  (cost=265000.00..265000.01 rows=1 width=8) (actual time=837.150..837.151 rows=1 loops=1)
   ->  Seq Scan on jsonb_inline_uncompressed  (cost=0.00..260000.00 rows=1000000 width=2008) (actual time=0.009..669.138 rows=1000000 loops=1)
 Planning Time: 0.051 ms
 JIT:
   Functions: 3
   Options: Inlining false, Optimization false, Expressions true, Deforming true
   Timing: Generation 0.292 ms, Inlining 0.000 ms, Optimization 0.206 ms, Emission 2.468 ms, Total 2.966 ms
 Execution Time: 837.504 ms
(8 行)

                                                                  QUERY PLAN                                                                   
-----------------------------------------------------------------------------------------------------------------------------------------------
 Aggregate  (cost=265000.00..265000.01 rows=1 width=8) (actual time=854.700..854.701 rows=1 loops=1)
   ->  Seq Scan on jsonb_inline_uncompressed  (cost=0.00..260000.00 rows=1000000 width=2008) (actual time=0.009..682.499 rows=1000000 loops=1)
 Planning Time: 0.055 ms
 JIT:
   Functions: 3
   Options: Inlining false, Optimization false, Expressions true, Deforming true
   Timing: Generation 0.315 ms, Inlining 0.000 ms, Optimization 0.165 ms, Emission 2.417 ms, Total 2.897 ms
 Execution Time: 855.074 ms
(8 行)

CREATE TABLE
INSERT 0 1000000
            substr             | octet_length | pg_column_size | pg_column_size 
-------------------------------+--------------+----------------+----------------
 {"k0k0k0k0k0k0k0k0k0k0k0k0k0k |         2001 |            117 |            141
(1 行)

VACUUM
                                                                QUERY PLAN                                                                
------------------------------------------------------------------------------------------------------------------------------------------
 Aggregate  (cost=33182.00..33182.01 rows=1 width=8) (actual time=1447.749..1447.750 rows=1 loops=1)
   ->  Seq Scan on jsonb_inline_compressed  (cost=0.00..28182.00 rows=1000000 width=117) (actual time=0.005..84.563 rows=1000000 loops=1)
 Planning Time: 0.067 ms
 Execution Time: 1447.768 ms
(4 行)

                                                                QUERY PLAN                                                                
------------------------------------------------------------------------------------------------------------------------------------------
 Aggregate  (cost=33182.00..33182.01 rows=1 width=8) (actual time=1451.963..1451.964 rows=1 loops=1)
   ->  Seq Scan on jsonb_inline_compressed  (cost=0.00..28182.00 rows=1000000 width=117) (actual time=0.007..84.297 rows=1000000 loops=1)
 Planning Time: 0.042 ms
 Execution Time: 1451.985 ms
(4 行)

                                                                QUERY PLAN                                                                
------------------------------------------------------------------------------------------------------------------------------------------
 Aggregate  (cost=33182.00..33182.01 rows=1 width=8) (actual time=1446.498..1446.499 rows=1 loops=1)
   ->  Seq Scan on jsonb_inline_compressed  (cost=0.00..28182.00 rows=1000000 width=117) (actual time=0.008..83.570 rows=1000000 loops=1)
 Planning Time: 0.042 ms
 Execution Time: 1446.517 ms
(4 行)

                                                                QUERY PLAN                                                                
------------------------------------------------------------------------------------------------------------------------------------------
 Aggregate  (cost=33182.00..33182.01 rows=1 width=8) (actual time=1464.257..1464.259 rows=1 loops=1)
   ->  Seq Scan on jsonb_inline_compressed  (cost=0.00..28182.00 rows=1000000 width=117) (actual time=0.006..83.956 rows=1000000 loops=1)
 Planning Time: 0.041 ms
 Execution Time: 1464.279 ms
(4 行)

                                                                QUERY PLAN                                                                
------------------------------------------------------------------------------------------------------------------------------------------
 Aggregate  (cost=33182.00..33182.01 rows=1 width=8) (actual time=1468.943..1468.944 rows=1 loops=1)
   ->  Seq Scan on jsonb_inline_compressed  (cost=0.00..28182.00 rows=1000000 width=117) (actual time=0.009..84.717 rows=1000000 loops=1)
 Planning Time: 0.055 ms
 Execution Time: 1468.971 ms
(4 行)

                                                                QUERY PLAN                                                                
------------------------------------------------------------------------------------------------------------------------------------------
 Aggregate  (cost=33182.00..33182.01 rows=1 width=8) (actual time=1463.150..1463.151 rows=1 loops=1)
   ->  Seq Scan on jsonb_inline_compressed  (cost=0.00..28182.00 rows=1000000 width=117) (actual time=0.006..83.776 rows=1000000 loops=1)
 Planning Time: 0.042 ms
 Execution Time: 1463.170 ms
(4 行)

                                                                QUERY PLAN                                                                
------------------------------------------------------------------------------------------------------------------------------------------
 Aggregate  (cost=33182.00..33182.01 rows=1 width=8) (actual time=1274.681..1274.682 rows=1 loops=1)
   ->  Seq Scan on jsonb_inline_compressed  (cost=0.00..28182.00 rows=1000000 width=117) (actual time=0.008..82.778 rows=1000000 loops=1)
 Planning Time: 0.046 ms
 Execution Time: 1274.703 ms
(4 行)

                                                                QUERY PLAN                                                                
------------------------------------------------------------------------------------------------------------------------------------------
 Aggregate  (cost=33182.00..33182.01 rows=1 width=8) (actual time=1280.030..1280.031 rows=1 loops=1)
   ->  Seq Scan on jsonb_inline_compressed  (cost=0.00..28182.00 rows=1000000 width=117) (actual time=0.007..83.563 rows=1000000 loops=1)
 Planning Time: 0.044 ms
 Execution Time: 1280.053 ms
(4 行)

                                                                QUERY PLAN                                                                
------------------------------------------------------------------------------------------------------------------------------------------
 Aggregate  (cost=33182.00..33182.01 rows=1 width=8) (actual time=1274.198..1274.199 rows=1 loops=1)
   ->  Seq Scan on jsonb_inline_compressed  (cost=0.00..28182.00 rows=1000000 width=117) (actual time=0.007..82.962 rows=1000000 loops=1)
 Planning Time: 0.085 ms
 Execution Time: 1274.223 ms
(4 行)

CREATE TABLE
INSERT 0 1000000
            substr             | octet_length | pg_column_size | pg_column_size 
-------------------------------+--------------+----------------+----------------
 {"0jnOfY08PgEEBYaDFxmuTfV1YGm |         2001 |           2005 |           2033
(1 行)

VACUUM
                                                                QUERY PLAN                                                                 
-------------------------------------------------------------------------------------------------------------------------------------------
 Aggregate  (cost=21370.00..21370.01 rows=1 width=8) (actual time=7149.072..7149.073 rows=1 loops=1)
   ->  Seq Scan on jsonb_toast_uncompressed  (cost=0.00..16370.00 rows=1000000 width=18) (actual time=0.014..137.283 rows=1000000 loops=1)
 Planning Time: 0.229 ms
 Execution Time: 7149.120 ms
(4 行)

                                                                QUERY PLAN                                                                 
-------------------------------------------------------------------------------------------------------------------------------------------
 Aggregate  (cost=21370.00..21370.01 rows=1 width=8) (actual time=5003.484..5003.485 rows=1 loops=1)
   ->  Seq Scan on jsonb_toast_uncompressed  (cost=0.00..16370.00 rows=1000000 width=18) (actual time=0.015..112.918 rows=1000000 loops=1)
 Planning Time: 0.049 ms
 Execution Time: 5003.505 ms
(4 行)

                                                                QUERY PLAN                                                                 
-------------------------------------------------------------------------------------------------------------------------------------------
 Aggregate  (cost=21370.00..21370.01 rows=1 width=8) (actual time=5084.844..5084.845 rows=1 loops=1)
   ->  Seq Scan on jsonb_toast_uncompressed  (cost=0.00..16370.00 rows=1000000 width=18) (actual time=0.014..113.588 rows=1000000 loops=1)
 Planning Time: 0.048 ms
 Execution Time: 5084.864 ms
(4 行)

                                                                QUERY PLAN                                                                 
-------------------------------------------------------------------------------------------------------------------------------------------
 Aggregate  (cost=21370.00..21370.01 rows=1 width=8) (actual time=4981.442..4981.443 rows=1 loops=1)
   ->  Seq Scan on jsonb_toast_uncompressed  (cost=0.00..16370.00 rows=1000000 width=18) (actual time=0.013..111.129 rows=1000000 loops=1)
 Planning Time: 0.045 ms
 Execution Time: 4981.465 ms
(4 行)

                                                                QUERY PLAN                                                                 
-------------------------------------------------------------------------------------------------------------------------------------------
 Aggregate  (cost=21370.00..21370.01 rows=1 width=8) (actual time=4991.582..4991.583 rows=1 loops=1)
   ->  Seq Scan on jsonb_toast_uncompressed  (cost=0.00..16370.00 rows=1000000 width=18) (actual time=0.012..113.548 rows=1000000 loops=1)
 Planning Time: 0.044 ms
 Execution Time: 4991.605 ms
(4 行)

                                                                QUERY PLAN                                                                 
-------------------------------------------------------------------------------------------------------------------------------------------
 Aggregate  (cost=21370.00..21370.01 rows=1 width=8) (actual time=4989.718..4989.719 rows=1 loops=1)
   ->  Seq Scan on jsonb_toast_uncompressed  (cost=0.00..16370.00 rows=1000000 width=18) (actual time=0.013..114.707 rows=1000000 loops=1)
 Planning Time: 0.045 ms
 Execution Time: 4989.741 ms
(4 行)

                                                                QUERY PLAN                                                                 
-------------------------------------------------------------------------------------------------------------------------------------------
 Aggregate  (cost=21370.00..21370.01 rows=1 width=8) (actual time=4795.766..4795.767 rows=1 loops=1)
   ->  Seq Scan on jsonb_toast_uncompressed  (cost=0.00..16370.00 rows=1000000 width=18) (actual time=0.014..112.740 rows=1000000 loops=1)
 Planning Time: 0.045 ms
 Execution Time: 4795.788 ms
(4 行)

                                                                QUERY PLAN                                                                 
-------------------------------------------------------------------------------------------------------------------------------------------
 Aggregate  (cost=21370.00..21370.01 rows=1 width=8) (actual time=4775.796..4775.797 rows=1 loops=1)
   ->  Seq Scan on jsonb_toast_uncompressed  (cost=0.00..16370.00 rows=1000000 width=18) (actual time=0.016..112.354 rows=1000000 loops=1)
 Planning Time: 0.046 ms
 Execution Time: 4775.816 ms
(4 行)

                                                                QUERY PLAN                                                                 
-------------------------------------------------------------------------------------------------------------------------------------------
 Aggregate  (cost=21370.00..21370.01 rows=1 width=8) (actual time=4769.509..4769.510 rows=1 loops=1)
   ->  Seq Scan on jsonb_toast_uncompressed  (cost=0.00..16370.00 rows=1000000 width=18) (actual time=0.012..111.289 rows=1000000 loops=1)
 Planning Time: 0.045 ms
 Execution Time: 4769.532 ms
(4 行)

CREATE TABLE
INSERT 0 1000000
            substr             | octet_length | pg_column_size | pg_column_size 
-------------------------------+--------------+----------------+----------------
 {"k0k0k0k0k0k0k0k0k0k0k0k0k0k |         2761 |           2010 |           2038
(1 行)

VACUUM
                                                               QUERY PLAN                                                                
-----------------------------------------------------------------------------------------------------------------------------------------
 Aggregate  (cost=21370.00..21370.01 rows=1 width=8) (actual time=15829.399..15829.400 rows=1 loops=1)
   ->  Seq Scan on jsonb_toast_compressed  (cost=0.00..16370.00 rows=1000000 width=18) (actual time=0.004..160.854 rows=1000000 loops=1)
 Planning Time: 0.054 ms
 Execution Time: 15829.418 ms
(4 行)

                                                               QUERY PLAN                                                                
-----------------------------------------------------------------------------------------------------------------------------------------
 Aggregate  (cost=21370.00..21370.01 rows=1 width=8) (actual time=10995.763..10995.765 rows=1 loops=1)
   ->  Seq Scan on jsonb_toast_compressed  (cost=0.00..16370.00 rows=1000000 width=18) (actual time=0.383..146.965 rows=1000000 loops=1)
 Planning Time: 0.054 ms
 Execution Time: 10995.787 ms
(4 行)

                                                               QUERY PLAN                                                                
-----------------------------------------------------------------------------------------------------------------------------------------
 Aggregate  (cost=21370.00..21370.01 rows=1 width=8) (actual time=11014.933..11014.934 rows=1 loops=1)
   ->  Seq Scan on jsonb_toast_compressed  (cost=0.00..16370.00 rows=1000000 width=18) (actual time=0.308..146.468 rows=1000000 loops=1)
 Planning Time: 0.041 ms
 Execution Time: 11014.955 ms
(4 行)

                                                               QUERY PLAN                                                                
-----------------------------------------------------------------------------------------------------------------------------------------
 Aggregate  (cost=21370.00..21370.01 rows=1 width=8) (actual time=11073.972..11073.973 rows=1 loops=1)
   ->  Seq Scan on jsonb_toast_compressed  (cost=0.00..16370.00 rows=1000000 width=18) (actual time=0.326..148.398 rows=1000000 loops=1)
 Planning Time: 0.040 ms
 Execution Time: 11073.995 ms
(4 行)

                                                               QUERY PLAN                                                                
-----------------------------------------------------------------------------------------------------------------------------------------
 Aggregate  (cost=21370.00..21370.01 rows=1 width=8) (actual time=11272.112..11272.113 rows=1 loops=1)
   ->  Seq Scan on jsonb_toast_compressed  (cost=0.00..16370.00 rows=1000000 width=18) (actual time=0.308..147.199 rows=1000000 loops=1)
 Planning Time: 0.054 ms
 Execution Time: 11272.132 ms
(4 行)

                                                               QUERY PLAN                                                                
-----------------------------------------------------------------------------------------------------------------------------------------
 Aggregate  (cost=21370.00..21370.01 rows=1 width=8) (actual time=11047.870..11047.871 rows=1 loops=1)
   ->  Seq Scan on jsonb_toast_compressed  (cost=0.00..16370.00 rows=1000000 width=18) (actual time=0.319..148.313 rows=1000000 loops=1)
 Planning Time: 0.044 ms
 Execution Time: 11047.889 ms
(4 行)

                                                               QUERY PLAN                                                                
-----------------------------------------------------------------------------------------------------------------------------------------
 Aggregate  (cost=21370.00..21370.01 rows=1 width=8) (actual time=10709.483..10709.484 rows=1 loops=1)
   ->  Seq Scan on jsonb_toast_compressed  (cost=0.00..16370.00 rows=1000000 width=18) (actual time=0.310..152.538 rows=1000000 loops=1)
 Planning Time: 0.050 ms
 Execution Time: 10709.508 ms
(4 行)

                                                               QUERY PLAN                                                                
-----------------------------------------------------------------------------------------------------------------------------------------
 Aggregate  (cost=21370.00..21370.01 rows=1 width=8) (actual time=10589.925..10589.926 rows=1 loops=1)
   ->  Seq Scan on jsonb_toast_compressed  (cost=0.00..16370.00 rows=1000000 width=18) (actual time=0.308..149.911 rows=1000000 loops=1)
 Planning Time: 0.040 ms
 Execution Time: 10589.951 ms
(4 行)

                                                               QUERY PLAN                                                                
-----------------------------------------------------------------------------------------------------------------------------------------
 Aggregate  (cost=21370.00..21370.01 rows=1 width=8) (actual time=10725.874..10725.875 rows=1 loops=1)
   ->  Seq Scan on jsonb_toast_compressed  (cost=0.00..16370.00 rows=1000000 width=18) (actual time=0.314..152.486 rows=1000000 loops=1)
 Planning Time: 0.046 ms
 Execution Time: 10725.900 ms
(4 行)

   oid    |          relname          | reltoastrelid | relpages | reltuples | toast_pages | toast_tuples | total_relation_size | total_relation_size_pretty 
----------+---------------------------+---------------+----------+-----------+-------------+--------------+---------------------+----------------------------
 16125932 | jsonb_inline_compressed   |      16125935 |    18182 |     1e+06 |           0 |            0 |           149020672 | 142 MB
 16125927 | jsonb_inline_uncompressed |      16125930 |   250000 |     1e+06 |           0 |            0 |          2048598016 | 1954 MB
 17125942 | jsonb_toast_compressed    |      17125945 |     6370 |     1e+06 |      333334 |        2e+06 |          2828615680 | 2698 MB
 16125937 | jsonb_toast_uncompressed  |      16125940 |     6370 |     1e+06 |      333334 |        2e+06 |          2828615680 | 2698 MB
(4 行)

